<?xml version="1.0" encoding="UTF-8"?>
<!-- Generated by org.testng.reporters.JUnitReportReporter -->
<testsuite hostname="LAPTOP-DOBLN3AU" failures="0" tests="4" name="com.qa.TestNGScripts.Day4.TestGroupDemo" time="0.022" errors="0" timestamp="2022-03-01T17:19:48 IST" skipped="0">
  <testcase classname="com.qa.TestNGScripts.Day4.TestGroupDemo" name="testcase4" time="0.004"/>
  <system-out/>
  <testcase classname="com.qa.TestNGScripts.Day4.TestGroupDemo" name="testcase2" time="0.014"/>
  <system-out/>
  <testcase classname="com.qa.TestNGScripts.Day4.TestGroupDemo" name="testcase5" time="0.003"/>
  <system-out/>
  <testcase classname="com.qa.TestNGScripts.Day4.TestGroupDemo" name="testcase6" time="0.001"/>
  <system-out/>
</testsuite> <!-- com.qa.TestNGScripts.Day4.TestGroupDemo -->
