<?xml version="1.0" encoding="UTF-8"?>
<!-- Generated by org.testng.reporters.JUnitReportReporter -->
<testsuite hostname="LAPTOP-DOBLN3AU" failures="0" tests="1" name="com.qa.TestNGScripts.Day4.GridDemo" time="4.688" errors="0" timestamp="2022-03-02T10:51:45 IST" skipped="0">
  <testcase classname="com.qa.TestNGScripts.Day4.GridDemo" name="seleniumtest" time="4.688"/>
  <system-out/>
</testsuite> <!-- com.qa.TestNGScripts.Day4.GridDemo -->
