<?xml version="1.0" encoding="UTF-8"?>
<!-- Generated by org.testng.reporters.JUnitReportReporter -->
<testsuite hostname="LAPTOP-DOBLN3AU" failures="0" tests="2" name="com.qa.TestNGScripts.Day4.BeforeClassAnnoatation" time="9.928" errors="0" timestamp="2022-03-01T16:02:20 IST" skipped="0">
  <testcase classname="com.qa.TestNGScripts.Day4.BeforeClassAnnoatation" name="TestWikiHomepage" time="7.976"/>
  <system-out/>
  <testcase classname="com.qa.TestNGScripts.Day4.BeforeClassAnnoatation" name="TestWikiLoginPage" time="1.952"/>
  <system-out/>
</testsuite> <!-- com.qa.TestNGScripts.Day4.BeforeClassAnnoatation -->
