<?xml version="1.0" encoding="UTF-8"?>
<!-- Generated by org.testng.reporters.JUnitReportReporter -->
<testsuite hostname="LAPTOP-DOBLN3AU" failures="0" tests="2" name="com.qa.TestNGScripts.Day4.BeofreMethodAnnotation" time="17.152" errors="0" timestamp="2022-03-01T16:02:20 IST" skipped="0">
  <testcase classname="com.qa.TestNGScripts.Day4.BeofreMethodAnnotation" name="TestWikiHomepage" time="12.108"/>
  <system-out/>
  <testcase classname="com.qa.TestNGScripts.Day4.BeofreMethodAnnotation" name="TestWikiLoginPage" time="5.044"/>
  <system-out/>
</testsuite> <!-- com.qa.TestNGScripts.Day4.BeofreMethodAnnotation -->
