<?xml version="1.0" encoding="UTF-8"?>
<!-- Generated by org.testng.reporters.JUnitReportReporter -->
<testsuite hostname="LAPTOP-DOBLN3AU" failures="0" tests="2" name="com.qa.TestNGScripts.Day4.CrossBrowsertest" time="7.633" errors="0" timestamp="2022-03-01T16:31:03 IST" skipped="0">
  <testcase classname="com.qa.TestNGScripts.Day4.CrossBrowsertest" name="testcase" time="3.765"/>
  <system-out/>
  <testcase classname="com.qa.TestNGScripts.Day4.CrossBrowsertest" name="testcase" time="3.868"/>
  <system-out/>
</testsuite> <!-- com.qa.TestNGScripts.Day4.CrossBrowsertest -->
