<?xml version="1.0" encoding="UTF-8"?>
<!-- Generated by org.testng.reporters.JUnitReportReporter -->
<testsuite hostname="LAPTOP-DOBLN3AU" failures="0" tests="2" name="com.qa.TestNGScripts.Day4.ParameterDemo" time="13.633" errors="0" timestamp="2022-03-01T16:20:00 IST" skipped="0">
  <testcase classname="com.qa.TestNGScripts.Day4.ParameterDemo" name="TestWikiHomepage" time="7.200"/>
  <system-out/>
  <testcase classname="com.qa.TestNGScripts.Day4.ParameterDemo" name="TestWikiHomepage" time="6.433"/>
  <system-out/>
</testsuite> <!-- com.qa.TestNGScripts.Day4.ParameterDemo -->
