<?xml version="1.0" encoding="UTF-8"?>
<!-- Generated by org.testng.reporters.JUnitReportReporter -->
<testsuite hostname="LAPTOP-DOBLN3AU" failures="0" tests="3" name="com.qa.TestNGScripts.Day4.TestAnatotationDemo" time="0.019" errors="0" timestamp="2022-03-01T16:02:20 IST" skipped="0">
  <testcase classname="com.qa.TestNGScripts.Day4.TestAnatotationDemo" name="Login" time="0.010"/>
  <system-out/>
  <testcase classname="com.qa.TestNGScripts.Day4.TestAnatotationDemo" name="Create" time="0.002"/>
  <system-out/>
  <testcase classname="com.qa.TestNGScripts.Day4.TestAnatotationDemo" name="Logout" time="0.007"/>
  <system-out/>
</testsuite> <!-- com.qa.TestNGScripts.Day4.TestAnatotationDemo -->
