<?xml version="1.0" encoding="UTF-8"?>
<!-- Generated by org.testng.reporters.JUnitReportReporter -->
<testsuite hostname="LAPTOP-DOBLN3AU" failures="0" tests="3" name="com.qa.TestNGScripts.Day4.DependsOnDemo" time="0.022" errors="0" timestamp="2022-03-01T14:55:00 IST" skipped="0">
  <testcase classname="com.qa.TestNGScripts.Day4.DependsOnDemo" name="login" time="0.019"/>
  <system-out/>
  <testcase classname="com.qa.TestNGScripts.Day4.DependsOnDemo" name="CreateEmail" time="0.001"/>
  <system-out/>
  <testcase classname="com.qa.TestNGScripts.Day4.DependsOnDemo" name="DeleteEmail" time="0.002"/>
  <system-out/>
</testsuite> <!-- com.qa.TestNGScripts.Day4.DependsOnDemo -->
