<?xml version="1.0" encoding="UTF-8"?>
<!-- Generated by org.testng.reporters.JUnitReportReporter -->
<testsuite hostname="LAPTOP-DOBLN3AU" failures="0" tests="4" name="com.qa.TestNGScripts.Day4.TestGroupDemo" time="0.035" errors="0" timestamp="01 Mar 2022 11:59:41 GMT" skipped="0">
  <testcase classname="com.qa.TestNGScripts.Day4.TestGroupDemo" name="testcase2" time="0.027"/>
  <testcase classname="com.qa.TestNGScripts.Day4.TestGroupDemo" name="testcase4" time="0.002"/>
  <testcase classname="com.qa.TestNGScripts.Day4.TestGroupDemo" name="testcase5" time="0.004"/>
  <testcase classname="com.qa.TestNGScripts.Day4.TestGroupDemo" name="testcase6" time="0.002"/>
</testsuite> <!-- com.qa.TestNGScripts.Day4.TestGroupDemo -->
