<?xml version="1.0" encoding="UTF-8"?>
<!-- Generated by org.testng.reporters.JUnitReportReporter -->
<testsuite hostname="LAPTOP-DOBLN3AU" failures="0" tests="2" name="com.qa.TestNGScripts.Day4.CrossBrowsertest" time="8.186" errors="0" timestamp="01 Mar 2022 11:59:41 GMT" skipped="0">
  <testcase classname="com.qa.TestNGScripts.Day4.CrossBrowsertest" name="testcase" time="4.448"/>
  <testcase classname="com.qa.TestNGScripts.Day4.CrossBrowsertest" name="testcase" time="3.738"/>
</testsuite> <!-- com.qa.TestNGScripts.Day4.CrossBrowsertest -->
